  5.cpp
D:\ВУЗ\Программирование\Типы и структуры\лаб_5 (графы)\5\5\Graph.h(398,1): warning C4267: =: преобразование из "size_t" в "int"; возможна потеря данных
D:\ВУЗ\Программирование\Типы и структуры\лаб_5 (графы)\5\5\Graph.h(331,1): message : во время компиляции функции-члена класс шаблон "bool Graph<int>::create_file_out_of_graph(WAY)"
D:\ВУЗ\Программирование\Типы и структуры\лаб_5 (графы)\5\5\5.cpp(13,32): message : выполняется компиляция ссылки на экземпляр шаблон функции "bool Graph<int>::create_file_out_of_graph(WAY)"
D:\ВУЗ\Программирование\Типы и структуры\лаб_5 (графы)\5\5\5.cpp(6,13): message : выполняется компиляция ссылки на экземпляр класс шаблон функции "Graph<int>"
D:\ВУЗ\Программирование\Типы и структуры\лаб_5 (графы)\5\5\Graph.h(400,1): warning C4267: =: преобразование из "size_t" в "int"; возможна потеря данных
D:\ВУЗ\Программирование\Типы и структуры\лаб_5 (графы)\5\5\Graph.h(421,1): warning C4267: =: преобразование из "size_t" в "int"; возможна потеря данных
D:\ВУЗ\Программирование\Типы и структуры\лаб_5 (графы)\5\5\Graph.h(423,1): warning C4267: =: преобразование из "size_t" в "int"; возможна потеря данных
D:\ВУЗ\Программирование\Типы и структуры\лаб_5 (графы)\5\5\Graph.h(232,1): warning C4267: =: преобразование из "size_t" в "int"; возможна потеря данных
D:\ВУЗ\Программирование\Типы и структуры\лаб_5 (графы)\5\5\Graph.h(176,1): message : во время компиляции функции-члена класс шаблон "void Graph<int>::find_the_way(int,int,WAY)"
D:\ВУЗ\Программирование\Типы и структуры\лаб_5 (графы)\5\5\5.cpp(12,20): message : выполняется компиляция ссылки на экземпляр шаблон функции "void Graph<int>::find_the_way(int,int,WAY)"
D:\ВУЗ\Программирование\Типы и структуры\лаб_5 (графы)\5\5\Graph.h(234,1): warning C4267: =: преобразование из "size_t" в "int"; возможна потеря данных
D:\ВУЗ\Программирование\Типы и структуры\лаб_5 (графы)\5\5\Graph.h(255,1): warning C4267: =: преобразование из "size_t" в "int"; возможна потеря данных
D:\ВУЗ\Программирование\Типы и структуры\лаб_5 (графы)\5\5\Graph.h(257,1): warning C4267: =: преобразование из "size_t" в "int"; возможна потеря данных
D:\ВУЗ\Программирование\Типы и структуры\лаб_5 (графы)\5\5\Queue.h(57,1): warning C4267: return: преобразование из "size_t" в "int"; возможна потеря данных
D:\ВУЗ\Программирование\Типы и структуры\лаб_5 (графы)\5\5\Queue.h(56,1): message : во время компиляции функции-члена класс шаблон "int Queue<int>::size(void)"
D:\ВУЗ\Программирование\Типы и структуры\лаб_5 (графы)\5\5\Graph.h(189,5): message : выполняется компиляция ссылки на экземпляр шаблон функции "int Queue<int>::size(void)"
D:\ВУЗ\Программирование\Типы и структуры\лаб_5 (графы)\5\5\Graph.h(181,1): message : выполняется компиляция ссылки на экземпляр класс шаблон функции "Queue<int>"
D:\ВУЗ\Программирование\Типы и структуры\лаб_5 (графы)\5\5\Graph.h(444,2): message : выполняется компиляция ссылки на экземпляр класс шаблон функции "Graph<T>"
  Graph.cpp
  Создание кода...
D:\ВУЗ\Программирование\Типы и структуры\лаб_5 (графы)\5\5\Graph.h(328): warning C4715: Graph<int>::create_graph_out_of_file: значение возвращается не при всех путях выполнения
D:\ВУЗ\Программирование\Типы и структуры\лаб_5 (графы)\5\5\Graph.h(443): warning C4715: Graph<int>::create_file_out_of_graph: значение возвращается не при всех путях выполнения
  5.vcxproj -> D:\ВУЗ\Программирование\Типы и структуры\лаб_5 (графы)\5\x64\Debug\5.exe
